<?xml version="1.0" encoding="UTF-8"?>
<testng-results skipped="0" failed="0" ignored="0" total="1" passed="1">
  <reporter-output>
  </reporter-output>
  <suite name="Default suite" duration-ms="8513" started-at="2019-01-04T05:22:55Z" finished-at="2019-01-04T05:23:04Z">
    <groups>
    </groups>
    <test name="Default test" duration-ms="8513" started-at="2019-01-04T05:22:55Z" finished-at="2019-01-04T05:23:04Z">
      <class name="com.ibm.jenkins.com.ibm.jenkins.launchApplication">
        <test-method status="PASS" signature="beforeTest()[pri:0, instance:com.ibm.jenkins.com.ibm.jenkins.launchApplication@5c7fa833]" name="beforeTest" is-config="true" duration-ms="5686" started-at="2019-01-04T10:52:55Z" finished-at="2019-01-04T10:53:01Z">
          <reporter-output>
          </reporter-output>
        </test-method> <!-- beforeTest -->
        <test-method status="PASS" signature="f()[pri:0, instance:com.ibm.jenkins.com.ibm.jenkins.launchApplication@5c7fa833]" name="f" duration-ms="9" started-at="2019-01-04T10:53:01Z" finished-at="2019-01-04T10:53:01Z">
          <reporter-output>
          </reporter-output>
        </test-method> <!-- f -->
        <test-method status="PASS" signature="afterTest()[pri:0, instance:com.ibm.jenkins.com.ibm.jenkins.launchApplication@5c7fa833]" name="afterTest" is-config="true" duration-ms="2742" started-at="2019-01-04T10:53:01Z" finished-at="2019-01-04T10:53:04Z">
          <reporter-output>
          </reporter-output>
        </test-method> <!-- afterTest -->
      </class> <!-- com.ibm.jenkins.com.ibm.jenkins.launchApplication -->
    </test> <!-- Default test -->
  </suite> <!-- Default suite -->
</testng-results>
